<?xml version="1.0" encoding="UTF-8"?>
<testsuite xmlns:xsi="http://www.w3.org/2001/XMLSchema-instance" xsi:noNamespaceSchemaLocation="https://maven.apache.org/surefire/maven-surefire-plugin/xsd/surefire-test-report.xsd" name="com.nish.cronparser.parser.IInputParserTest" time="0.257" tests="1" errors="0" skipped="0" failures="0">
  <properties>
[...]
</properties>
  <testcase name="testParseCronExpressionAndCreateExecutionPattern" classname="com.nish.cronparser.parser.IInputParserTest" time="0.256"/>
</testsuite>